{"level":"info","message":"Reciever GET request to /api/auth/register","service":"identity-service","timestamp":"2025-01-28T18:43:04.935Z"}
{"level":"info","message":"Request body,[object Object]","service":"identity-service","timestamp":"2025-01-28T18:43:04.936Z"}
{"level":"info","message":"Reciever POST request to /api/auth/register","service":"identity-service","timestamp":"2025-01-28T18:43:12.124Z"}
{"level":"info","message":"Request body,[object Object]","service":"identity-service","timestamp":"2025-01-28T18:43:12.125Z"}
{"level":"info","message":"Registeration endpoint hit...","service":"identity-service","timestamp":"2025-01-28T18:43:12.127Z"}
{"0":"\"","1":"e","10":" ","11":"r","12":"e","13":"q","14":"u","15":"i","16":"r","17":"e","18":"d","2":"m","3":"a","4":"i","5":"l","6":"\"","7":" ","8":"i","9":"s","level":"warn","message":"Validation error","service":"identity-service","timestamp":"2025-01-28T18:43:12.137Z"}
{"level":"info","message":"Reciever POST request to /api/auth/register","service":"identity-service","timestamp":"2025-01-28T18:43:48.492Z"}
{"level":"info","message":"Request body,[object Object]","service":"identity-service","timestamp":"2025-01-28T18:43:48.492Z"}
{"level":"info","message":"Registeration endpoint hit...","service":"identity-service","timestamp":"2025-01-28T18:43:48.495Z"}
{"0":"\"","1":"p","10":" ","11":"l","12":"e","13":"n","14":"g","15":"t","16":"h","17":" ","18":"m","19":"u","2":"a","20":"s","21":"t","22":" ","23":"b","24":"e","25":" ","26":"a","27":"t","28":" ","29":"l","3":"s","30":"e","31":"a","32":"s","33":"t","34":" ","35":"6","36":" ","37":"c","38":"h","39":"a","4":"s","40":"r","41":"a","42":"c","43":"t","44":"e","45":"r","46":"s","47":" ","48":"l","49":"o","5":"w","50":"n","51":"g","6":"o","7":"r","8":"d","9":"\"","level":"warn","message":"Validation error","service":"identity-service","timestamp":"2025-01-28T18:43:48.499Z"}
{"level":"info","message":"Reciever POST request to /api/auth/register","service":"identity-service","timestamp":"2025-01-28T18:43:58.010Z"}
{"level":"info","message":"Request body,[object Object]","service":"identity-service","timestamp":"2025-01-28T18:43:58.010Z"}
{"level":"info","message":"Registeration endpoint hit...","service":"identity-service","timestamp":"2025-01-28T18:43:58.012Z"}
{"buffer":{"data":[103,153,37,110,37,149,70,252,176,182,100,100],"type":"Buffer"},"level":"warn","message":"User saved successfully!","service":"identity-service","timestamp":"2025-01-28T18:43:58.337Z"}
{"level":"info","message":"Database connected successfully!","service":"identity-service","timestamp":"2025-01-28T18:47:22.839Z"}
{"level":"info","message":"Identity Server Started at http://localhost:3001","service":"identity-service","timestamp":"2025-01-28T18:47:22.862Z"}
{"level":"info","message":"Database connected successfully!","service":"identity-service","timestamp":"2025-01-28T18:47:46.444Z"}
{"level":"info","message":"Identity Server Started at http://localhost:3001","service":"identity-service","timestamp":"2025-01-28T18:47:46.464Z"}
{"level":"info","message":"Database connected successfully!","service":"identity-service","timestamp":"2025-01-28T18:47:59.317Z"}
{"level":"info","message":"Identity Server Started at http://localhost:3001","service":"identity-service","timestamp":"2025-01-28T18:47:59.341Z"}
{"level":"info","message":"Database connected successfully!","service":"identity-service","timestamp":"2025-01-28T18:48:01.723Z"}
{"level":"info","message":"Identity Server Started at http://localhost:3001","service":"identity-service","timestamp":"2025-01-28T18:48:01.746Z"}
{"level":"info","message":"Database connected successfully!","service":"identity-service","timestamp":"2025-01-28T18:48:03.930Z"}
{"level":"info","message":"Identity Server Started at http://localhost:3001","service":"identity-service","timestamp":"2025-01-28T18:48:03.952Z"}
{"level":"info","message":"Database connected successfully!","service":"identity-service","timestamp":"2025-01-28T18:48:05.614Z"}
{"level":"info","message":"Identity Server Started at http://localhost:3001","service":"identity-service","timestamp":"2025-01-28T18:48:05.636Z"}
{"level":"info","message":"Database connected successfully!","service":"identity-service","timestamp":"2025-01-28T18:48:19.508Z"}
{"level":"info","message":"Identity Server Started at http://localhost:3001","service":"identity-service","timestamp":"2025-01-28T18:48:19.528Z"}
{"level":"info","message":"Database connected successfully!","service":"identity-service","timestamp":"2025-01-28T18:48:21.993Z"}
{"level":"info","message":"Identity Server Started at http://localhost:3001","service":"identity-service","timestamp":"2025-01-28T18:48:22.016Z"}
{"level":"info","message":"Database connected successfully!","service":"identity-service","timestamp":"2025-01-28T18:48:31.292Z"}
{"level":"info","message":"Identity Server Started at http://localhost:3001","service":"identity-service","timestamp":"2025-01-28T18:48:31.316Z"}
{"level":"info","message":"Database connected successfully!","service":"identity-service","timestamp":"2025-01-28T18:48:47.832Z"}
{"level":"info","message":"Identity Server Started at http://localhost:3001","service":"identity-service","timestamp":"2025-01-28T18:48:47.856Z"}
