{"level":"info","message":"Server running on port 3003","service":"media-service"}
{"level":"info","message":"Server running on port 3003","service":"media-service"}
{"level":"info","message":"Server running on port 3003","service":"media-service"}
{"level":"info","message":"Database connected successfully!","service":"media-service"}
{"level":"info","message":"Server running on port 3003","service":"media-service"}
{"level":"info","message":"Database connected successfully!","service":"media-service"}
{"level":"info","message":"Server running on port 3003","service":"media-service"}
{"level":"info","message":"Database connected successfully!","service":"media-service"}
{"level":"info","message":"Server running on port 3003","service":"media-service"}
{"level":"info","message":"Database connected successfully!","service":"media-service"}
{"level":"info","message":"Server running on port 3003","service":"media-service"}
{"level":"info","message":"Database connected successfully!","service":"media-service"}
{"level":"info","message":"Server running on port 3003","service":"media-service"}
{"level":"info","message":"Recieved POST request to /api/media/upload","service":"media-service"}
{"level":"info","message":"Request body [object Object]","service":"media-service"}
{"level":"info","message":"Recieved POST request to /api/media/upload","service":"media-service"}
{"level":"info","message":"Request body [object Object]","service":"media-service"}
{"level":"info","message":"Recieved POST request to /api/media/upload","service":"media-service"}
{"level":"info","message":"Request body [object Object]","service":"media-service"}
{"level":"info","message":"Recieved POST request to /api/media/upload","service":"media-service"}
{"level":"info","message":"Request body [object Object]","service":"media-service"}
{"level":"info","message":"Recieved POST request to /api/media/upload","service":"media-service"}
{"level":"info","message":"Request body [object Object]","service":"media-service"}
{"level":"info","message":"Recieved POST request to /api/media/upload","service":"media-service"}
{"level":"info","message":"Request body [object Object]","service":"media-service"}
{"level":"info","message":"Database connected successfully!","service":"media-service"}
{"level":"info","message":"Server running on port 3003","service":"media-service"}
{"level":"info","message":"Database connected successfully!","service":"media-service"}
{"level":"info","message":"Server running on port 3003","service":"media-service"}
{"level":"info","message":"Recieved POST request to /api/media/upload","service":"media-service"}
{"level":"info","message":"Request body [object Object]","service":"media-service"}
{"level":"info","message":"Database connected successfully!","service":"media-service"}
{"level":"info","message":"Server running on port 3003","service":"media-service"}
{"level":"info","message":"Database connected successfully!","service":"media-service"}
{"level":"info","message":"Server running on port 3003","service":"media-service"}
{"level":"info","message":"Database connected successfully!","service":"media-service"}
{"level":"info","message":"Server running on port 3003","service":"media-service"}
{"level":"info","message":"Database connected successfully!","service":"media-service"}
{"level":"info","message":"Server running on port 3003","service":"media-service"}
{"level":"info","message":"Database connected successfully!","service":"media-service"}
{"level":"info","message":"Server running on port 3003","service":"media-service"}
{"level":"info","message":"Recieved POST request to /api/media/upload","service":"media-service"}
{"level":"info","message":"Request body [object Object]","service":"media-service"}
{"level":"info","message":"Recieved POST request to /api/media/upload","service":"media-service"}
{"level":"info","message":"Request body [object Object]","service":"media-service"}
{"level":"info","message":"Recieved POST request to /api/media/upload","service":"media-service"}
{"level":"info","message":"Request body [object Object]","service":"media-service"}
{"level":"info","message":"Recieved POST request to /api/media/upload","service":"media-service"}
{"level":"info","message":"Request body [object Object]","service":"media-service"}
{"level":"info","message":"Recieved POST request to /api/media/upload","service":"media-service"}
{"level":"info","message":"Request body [object Object]","service":"media-service"}
{"level":"error","message":"SyntaxError: Unexpected token - in JSON at position 0\n    at JSON.parse (<anonymous>)\n    at createStrictSyntaxError (/home/ravi/Desktop/Social Media Microservices/media-service/node_modules/body-parser/lib/types/json.js:169:10)\n    at parse (/home/ravi/Desktop/Social Media Microservices/media-service/node_modules/body-parser/lib/types/json.js:86:15)\n    at /home/ravi/Desktop/Social Media Microservices/media-service/node_modules/body-parser/lib/read.js:128:18\n    at AsyncResource.runInAsyncScope (node:async_hooks:203:9)\n    at invokeCallback (/home/ravi/Desktop/Social Media Microservices/media-service/node_modules/raw-body/index.js:238:16)\n    at done (/home/ravi/Desktop/Social Media Microservices/media-service/node_modules/raw-body/index.js:227:7)\n    at IncomingMessage.onEnd (/home/ravi/Desktop/Social Media Microservices/media-service/node_modules/raw-body/index.js:287:7)\n    at IncomingMessage.emit (node:events:517:28)\n    at endReadableNT (node:internal/streams/readable:1400:12)","service":"media-service"}
{"level":"info","message":"Recieved POST request to /api/media/upload","service":"media-service"}
{"level":"info","message":"Request body [object Object]","service":"media-service"}
{"level":"info","message":"Database connected successfully!","service":"media-service"}
{"level":"info","message":"Server running on port 3003","service":"media-service"}
{"level":"info","message":"Recieved POST request to /api/media/upload","service":"media-service"}
{"level":"info","message":"Request body [object Object]","service":"media-service"}
{"level":"error","message":"SyntaxError: Unexpected token - in JSON at position 0\n    at JSON.parse (<anonymous>)\n    at createStrictSyntaxError (/home/ravi/Desktop/Social Media Microservices/media-service/node_modules/body-parser/lib/types/json.js:169:10)\n    at parse (/home/ravi/Desktop/Social Media Microservices/media-service/node_modules/body-parser/lib/types/json.js:86:15)\n    at /home/ravi/Desktop/Social Media Microservices/media-service/node_modules/body-parser/lib/read.js:128:18\n    at AsyncResource.runInAsyncScope (node:async_hooks:203:9)\n    at invokeCallback (/home/ravi/Desktop/Social Media Microservices/media-service/node_modules/raw-body/index.js:238:16)\n    at done (/home/ravi/Desktop/Social Media Microservices/media-service/node_modules/raw-body/index.js:227:7)\n    at IncomingMessage.onEnd (/home/ravi/Desktop/Social Media Microservices/media-service/node_modules/raw-body/index.js:287:7)\n    at IncomingMessage.emit (node:events:517:28)\n    at endReadableNT (node:internal/streams/readable:1400:12)","service":"media-service"}
{"level":"error","message":"SyntaxError: Unexpected token - in JSON at position 0\n    at JSON.parse (<anonymous>)\n    at createStrictSyntaxError (/home/ravi/Desktop/Social Media Microservices/media-service/node_modules/body-parser/lib/types/json.js:169:10)\n    at parse (/home/ravi/Desktop/Social Media Microservices/media-service/node_modules/body-parser/lib/types/json.js:86:15)\n    at /home/ravi/Desktop/Social Media Microservices/media-service/node_modules/body-parser/lib/read.js:128:18\n    at AsyncResource.runInAsyncScope (node:async_hooks:203:9)\n    at invokeCallback (/home/ravi/Desktop/Social Media Microservices/media-service/node_modules/raw-body/index.js:238:16)\n    at done (/home/ravi/Desktop/Social Media Microservices/media-service/node_modules/raw-body/index.js:227:7)\n    at IncomingMessage.onEnd (/home/ravi/Desktop/Social Media Microservices/media-service/node_modules/raw-body/index.js:287:7)\n    at IncomingMessage.emit (node:events:517:28)\n    at endReadableNT (node:internal/streams/readable:1400:12)","service":"media-service"}
{"level":"error","message":"SyntaxError: Unexpected token - in JSON at position 0\n    at JSON.parse (<anonymous>)\n    at createStrictSyntaxError (/home/ravi/Desktop/Social Media Microservices/media-service/node_modules/body-parser/lib/types/json.js:169:10)\n    at parse (/home/ravi/Desktop/Social Media Microservices/media-service/node_modules/body-parser/lib/types/json.js:86:15)\n    at /home/ravi/Desktop/Social Media Microservices/media-service/node_modules/body-parser/lib/read.js:128:18\n    at AsyncResource.runInAsyncScope (node:async_hooks:203:9)\n    at invokeCallback (/home/ravi/Desktop/Social Media Microservices/media-service/node_modules/raw-body/index.js:238:16)\n    at done (/home/ravi/Desktop/Social Media Microservices/media-service/node_modules/raw-body/index.js:227:7)\n    at IncomingMessage.onEnd (/home/ravi/Desktop/Social Media Microservices/media-service/node_modules/raw-body/index.js:287:7)\n    at IncomingMessage.emit (node:events:517:28)\n    at endReadableNT (node:internal/streams/readable:1400:12)","service":"media-service"}
{"level":"info","message":"Recieved POST request to /api/media/upload","service":"media-service"}
{"level":"info","message":"Request body [object Object]","service":"media-service"}
{"level":"info","message":"Database connected successfully!","service":"media-service"}
{"level":"info","message":"Server running on port 3003","service":"media-service"}
{"level":"info","message":"Database connected successfully!","service":"media-service"}
{"level":"info","message":"Server running on port 3003","service":"media-service"}
{"level":"info","message":"Database connected successfully!","service":"media-service"}
{"level":"info","message":"Server running on port 3003","service":"media-service"}
{"level":"info","message":"Recieved POST request to /api/media/upload","service":"media-service"}
{"level":"info","message":"Request body [object Object]","service":"media-service"}
{"level":"info","message":"Database connected successfully!","service":"media-service"}
{"level":"info","message":"Server running on port 3003","service":"media-service"}
{"level":"info","message":"Database connected successfully!","service":"media-service"}
{"level":"info","message":"Server running on port 3003","service":"media-service"}
{"level":"info","message":"Database connected successfully!","service":"media-service"}
{"level":"info","message":"Server running on port 3003","service":"media-service"}
{"level":"info","message":"Database connected successfully!","service":"media-service"}
{"level":"info","message":"Server running on port 3003","service":"media-service"}
{"level":"info","message":"Database connected successfully!","service":"media-service"}
{"level":"info","message":"Server running on port 3003","service":"media-service"}
{"level":"info","message":"Database connected successfully!","service":"media-service"}
{"level":"info","message":"Server running on port 3003","service":"media-service"}
{"level":"info","message":"Database connected successfully!","service":"media-service"}
{"level":"info","message":"Server running on port 3003","service":"media-service"}
{"level":"info","message":"Database connected successfully!","service":"media-service"}
{"level":"info","message":"Server running on port 3003","service":"media-service"}
{"level":"info","message":"Recieved POST request to /api/media/upload","service":"media-service"}
{"level":"info","message":"Request body [object Object]","service":"media-service"}
{"level":"info","message":"Database connected successfully!","service":"media-service"}
{"level":"info","message":"Server running on port 3003","service":"media-service"}
{"level":"info","message":"Database connected successfully!","service":"media-service"}
{"level":"info","message":"Server running on port 3003","service":"media-service"}
{"level":"info","message":"Database connected successfully!","service":"media-service"}
{"level":"info","message":"Server running on port 3003","service":"media-service"}
{"level":"info","message":"Database connected successfully!","service":"media-service"}
{"level":"info","message":"Server running on port 3003","service":"media-service"}
{"level":"info","message":"Recieved POST request to /api/media/upload","service":"media-service"}
{"level":"info","message":"Request body [object Object]","service":"media-service"}
{"level":"info","message":"Database connected successfully!","service":"media-service"}
{"level":"info","message":"Server running on port 3003","service":"media-service"}
{"level":"info","message":"Recieved POST request to /api/media/upload","service":"media-service"}
{"level":"info","message":"Request body [object Object]","service":"media-service"}
{"level":"info","message":"Recieved POST request to /api/media/upload","service":"media-service"}
{"level":"info","message":"Request body [object Object]","service":"media-service"}
{"level":"info","message":"Recieved POST request to /api/media/upload","service":"media-service"}
{"level":"info","message":"Request body [object Object]","service":"media-service"}
{"level":"info","message":"Recieved POST request to /api/media/upload","service":"media-service"}
{"level":"info","message":"Request body [object Object]","service":"media-service"}
{"level":"info","message":"Database connected successfully!","service":"media-service"}
{"level":"info","message":"Server running on port 3003","service":"media-service"}
{"level":"info","message":"Database connected successfully!","service":"media-service"}
{"level":"info","message":"Server running on port 3003","service":"media-service"}
{"level":"info","message":"Database connected successfully!","service":"media-service"}
{"level":"info","message":"Server running on port 3003","service":"media-service"}
{"level":"info","message":"Database connected successfully!","service":"media-service"}
{"level":"info","message":"Server running on port 3003","service":"media-service"}
{"level":"info","message":"Recieved POST request to /api/media/upload","service":"media-service"}
{"level":"info","message":"Request body [object Object]","service":"media-service"}
{"level":"info","message":"Database connected successfully!","service":"media-service"}
{"level":"info","message":"Server running on port 3003","service":"media-service"}
{"level":"info","message":"Database connected successfully!","service":"media-service"}
{"level":"info","message":"Server running on port 3003","service":"media-service"}
{"level":"info","message":"Database connected successfully!","service":"media-service"}
{"level":"info","message":"Server running on port 3003","service":"media-service"}
{"level":"info","message":"Database connected successfully!","service":"media-service"}
{"level":"info","message":"Server running on port 3003","service":"media-service"}
{"level":"info","message":"Database connected successfully!","service":"media-service"}
{"level":"info","message":"Server running on port 3003","service":"media-service"}
{"level":"info","message":"Database connected successfully!","service":"media-service"}
{"level":"info","message":"Server running on port 3003","service":"media-service"}
{"level":"info","message":"Recieved POST request to /api/media/upload","service":"media-service"}
{"level":"info","message":"Request body [object Object]","service":"media-service"}
{"level":"warn","message":"user not logged in ,Please login to continue!","service":"media-service"}
{"level":"info","message":"Recieved POST request to /api/media/upload","service":"media-service"}
{"level":"info","message":"Request body [object Object]","service":"media-service"}
{"level":"warn","message":"user not logged in ,Please login to continue!","service":"media-service"}
{"level":"info","message":"Recieved POST request to /api/media/upload","service":"media-service"}
{"level":"info","message":"Request body [object Object]","service":"media-service"}
{"level":"error","message":"SyntaxError: Unexpected token - in JSON at position 0\n    at JSON.parse (<anonymous>)\n    at createStrictSyntaxError (/home/ravi/Desktop/Social Media Microservices/media-service/node_modules/body-parser/lib/types/json.js:169:10)\n    at parse (/home/ravi/Desktop/Social Media Microservices/media-service/node_modules/body-parser/lib/types/json.js:86:15)\n    at /home/ravi/Desktop/Social Media Microservices/media-service/node_modules/body-parser/lib/read.js:128:18\n    at AsyncResource.runInAsyncScope (node:async_hooks:203:9)\n    at invokeCallback (/home/ravi/Desktop/Social Media Microservices/media-service/node_modules/raw-body/index.js:238:16)\n    at done (/home/ravi/Desktop/Social Media Microservices/media-service/node_modules/raw-body/index.js:227:7)\n    at IncomingMessage.onEnd (/home/ravi/Desktop/Social Media Microservices/media-service/node_modules/raw-body/index.js:287:7)\n    at IncomingMessage.emit (node:events:517:28)\n    at endReadableNT (node:internal/streams/readable:1400:12)","service":"media-service"}
{"level":"info","message":"Recieved POST request to /api/media/upload","service":"media-service"}
{"level":"info","message":"Request body [object Object]","service":"media-service"}
{"level":"error","message":"PayloadTooLargeError: request entity too large\n    at IncomingMessage.onData (/home/ravi/Desktop/Social Media Microservices/media-service/node_modules/raw-body/index.js:260:12)\n    at IncomingMessage.emit (node:events:517:28)\n    at addChunk (node:internal/streams/readable:368:12)\n    at readableAddChunk (node:internal/streams/readable:341:9)\n    at Readable.push (node:internal/streams/readable:278:10)\n    at HTTPParser.parserOnBody (node:_http_common:131:24)","service":"media-service"}
{"level":"error","message":"PayloadTooLargeError: request entity too large\n    at IncomingMessage.onData (/home/ravi/Desktop/Social Media Microservices/media-service/node_modules/raw-body/index.js:260:12)\n    at IncomingMessage.emit (node:events:517:28)\n    at addChunk (node:internal/streams/readable:368:12)\n    at readableAddChunk (node:internal/streams/readable:341:9)\n    at Readable.push (node:internal/streams/readable:278:10)\n    at HTTPParser.parserOnBody (node:_http_common:131:24)","service":"media-service"}
{"level":"error","message":"PayloadTooLargeError: request entity too large\n    at IncomingMessage.onData (/home/ravi/Desktop/Social Media Microservices/media-service/node_modules/raw-body/index.js:260:12)\n    at IncomingMessage.emit (node:events:517:28)\n    at addChunk (node:internal/streams/readable:368:12)\n    at readableAddChunk (node:internal/streams/readable:341:9)\n    at Readable.push (node:internal/streams/readable:278:10)\n    at HTTPParser.parserOnBody (node:_http_common:131:24)","service":"media-service"}
{"level":"info","message":"Database connected successfully!","service":"media-service"}
{"level":"info","message":"Server running on port 3003","service":"media-service"}
{"level":"error","message":"PayloadTooLargeError: request entity too large\n    at IncomingMessage.onData (/home/ravi/Desktop/Social Media Microservices/media-service/node_modules/raw-body/index.js:260:12)\n    at IncomingMessage.emit (node:events:517:28)\n    at addChunk (node:internal/streams/readable:368:12)\n    at readableAddChunk (node:internal/streams/readable:341:9)\n    at Readable.push (node:internal/streams/readable:278:10)\n    at HTTPParser.parserOnBody (node:_http_common:131:24)","service":"media-service"}
{"level":"info","message":"Database connected successfully!","service":"media-service"}
{"level":"info","message":"Server running on port 3003","service":"media-service"}
{"level":"error","message":"PayloadTooLargeError: request entity too large\n    at IncomingMessage.onData (/home/ravi/Desktop/Social Media Microservices/media-service/node_modules/raw-body/index.js:260:12)\n    at IncomingMessage.emit (node:events:517:28)\n    at addChunk (node:internal/streams/readable:368:12)\n    at readableAddChunk (node:internal/streams/readable:341:9)\n    at Readable.push (node:internal/streams/readable:278:10)\n    at HTTPParser.parserOnBody (node:_http_common:131:24)","service":"media-service"}
{"level":"info","message":"Database connected successfully!","service":"media-service"}
{"level":"info","message":"Server running on port 3003","service":"media-service"}
{"level":"error","message":"PayloadTooLargeError: request entity too large\n    at IncomingMessage.onData (/home/ravi/Desktop/Social Media Microservices/media-service/node_modules/raw-body/index.js:260:12)\n    at IncomingMessage.emit (node:events:517:28)\n    at addChunk (node:internal/streams/readable:368:12)\n    at readableAddChunk (node:internal/streams/readable:341:9)\n    at Readable.push (node:internal/streams/readable:278:10)\n    at HTTPParser.parserOnBody (node:_http_common:131:24)","service":"media-service"}
{"level":"info","message":"Database connected successfully!","service":"media-service"}
{"level":"info","message":"Server running on port 3003","service":"media-service"}
{"level":"info","message":"Database connected successfully!","service":"media-service"}
{"level":"info","message":"Server running on port 3003","service":"media-service"}
{"level":"error","message":"PayloadTooLargeError: request entity too large\n    at IncomingMessage.onData (/home/ravi/Desktop/Social Media Microservices/media-service/node_modules/raw-body/index.js:260:12)\n    at IncomingMessage.emit (node:events:517:28)\n    at addChunk (node:internal/streams/readable:368:12)\n    at readableAddChunk (node:internal/streams/readable:341:9)\n    at Readable.push (node:internal/streams/readable:278:10)\n    at HTTPParser.parserOnBody (node:_http_common:131:24)","service":"media-service"}
{"level":"info","message":"Recieved POST request to /api/media/upload","service":"media-service"}
{"level":"info","message":"Request body [object Object]","service":"media-service"}
{"level":"info","message":"Recieved POST request to /api/media/upload","service":"media-service"}
{"level":"info","message":"Request body [object Object]","service":"media-service"}
{"level":"error","message":"PayloadTooLargeError: request entity too large\n    at IncomingMessage.onData (/home/ravi/Desktop/Social Media Microservices/media-service/node_modules/raw-body/index.js:260:12)\n    at IncomingMessage.emit (node:events:517:28)\n    at addChunk (node:internal/streams/readable:368:12)\n    at readableAddChunk (node:internal/streams/readable:341:9)\n    at Readable.push (node:internal/streams/readable:278:10)\n    at HTTPParser.parserOnBody (node:_http_common:131:24)","service":"media-service"}
{"level":"info","message":"Database connected successfully!","service":"media-service"}
{"level":"info","message":"Server running on port 3003","service":"media-service"}
{"level":"info","message":"Database connected successfully!","service":"media-service"}
{"level":"info","message":"Server running on port 3003","service":"media-service"}
{"level":"error","message":"PayloadTooLargeError: request entity too large\n    at IncomingMessage.onData (/home/ravi/Desktop/Social Media Microservices/media-service/node_modules/raw-body/index.js:260:12)\n    at IncomingMessage.emit (node:events:517:28)\n    at addChunk (node:internal/streams/readable:368:12)\n    at readableAddChunk (node:internal/streams/readable:341:9)\n    at Readable.push (node:internal/streams/readable:278:10)\n    at HTTPParser.parserOnBody (node:_http_common:131:24)","service":"media-service"}
{"level":"error","message":"PayloadTooLargeError: request entity too large\n    at IncomingMessage.onData (/home/ravi/Desktop/Social Media Microservices/media-service/node_modules/raw-body/index.js:260:12)\n    at IncomingMessage.emit (node:events:517:28)\n    at addChunk (node:internal/streams/readable:368:12)\n    at readableAddChunk (node:internal/streams/readable:341:9)\n    at Readable.push (node:internal/streams/readable:278:10)\n    at HTTPParser.parserOnBody (node:_http_common:131:24)","service":"media-service"}
{"level":"info","message":"Database connected successfully!","service":"media-service"}
{"level":"info","message":"Server running on port 3003","service":"media-service"}
{"level":"error","message":"PayloadTooLargeError: request entity too large\n    at IncomingMessage.onData (/home/ravi/Desktop/Social Media Microservices/media-service/node_modules/raw-body/index.js:260:12)\n    at IncomingMessage.emit (node:events:517:28)\n    at addChunk (node:internal/streams/readable:368:12)\n    at readableAddChunk (node:internal/streams/readable:341:9)\n    at Readable.push (node:internal/streams/readable:278:10)\n    at HTTPParser.parserOnBody (node:_http_common:131:24)","service":"media-service"}
{"level":"error","message":"PayloadTooLargeError: request entity too large\n    at IncomingMessage.onData (/home/ravi/Desktop/Social Media Microservices/media-service/node_modules/raw-body/index.js:260:12)\n    at IncomingMessage.emit (node:events:517:28)\n    at addChunk (node:internal/streams/readable:368:12)\n    at readableAddChunk (node:internal/streams/readable:341:9)\n    at Readable.push (node:internal/streams/readable:278:10)\n    at HTTPParser.parserOnBody (node:_http_common:131:24)","service":"media-service"}
{"level":"info","message":"Database connected successfully!","service":"media-service"}
{"level":"info","message":"Server running on port 3003","service":"media-service"}
{"level":"error","message":"PayloadTooLargeError: request entity too large\n    at IncomingMessage.onData (/home/ravi/Desktop/Social Media Microservices/media-service/node_modules/raw-body/index.js:260:12)\n    at IncomingMessage.emit (node:events:517:28)\n    at addChunk (node:internal/streams/readable:368:12)\n    at readableAddChunk (node:internal/streams/readable:341:9)\n    at Readable.push (node:internal/streams/readable:278:10)\n    at HTTPParser.parserOnBody (node:_http_common:131:24)","service":"media-service"}
{"level":"info","message":"Database connected successfully!","service":"media-service"}
{"level":"info","message":"Server running on port 3003","service":"media-service"}
{"level":"info","message":"Database connected successfully!","service":"media-service"}
{"level":"info","message":"Server running on port 3003","service":"media-service"}
{"level":"info","message":"Database connected successfully!","service":"media-service"}
{"level":"info","message":"Server running on port 3003","service":"media-service"}
{"level":"error","message":"SyntaxError: Unexpected token - in JSON at position 0\n    at JSON.parse (<anonymous>)\n    at createStrictSyntaxError (/home/ravi/Desktop/Social Media Microservices/media-service/node_modules/body-parser/lib/types/json.js:169:10)\n    at parse (/home/ravi/Desktop/Social Media Microservices/media-service/node_modules/body-parser/lib/types/json.js:86:15)\n    at /home/ravi/Desktop/Social Media Microservices/media-service/node_modules/body-parser/lib/read.js:128:18\n    at AsyncResource.runInAsyncScope (node:async_hooks:203:9)\n    at invokeCallback (/home/ravi/Desktop/Social Media Microservices/media-service/node_modules/raw-body/index.js:238:16)\n    at done (/home/ravi/Desktop/Social Media Microservices/media-service/node_modules/raw-body/index.js:227:7)\n    at IncomingMessage.onEnd (/home/ravi/Desktop/Social Media Microservices/media-service/node_modules/raw-body/index.js:287:7)\n    at IncomingMessage.emit (node:events:517:28)\n    at endReadableNT (node:internal/streams/readable:1400:12)","service":"media-service"}
{"level":"info","message":"Database connected successfully!","service":"media-service"}
{"level":"info","message":"Server running on port 3003","service":"media-service"}
{"level":"error","message":"PayloadTooLargeError: request entity too large\n    at IncomingMessage.onData (/home/ravi/Desktop/Social Media Microservices/media-service/node_modules/raw-body/index.js:260:12)\n    at IncomingMessage.emit (node:events:517:28)\n    at addChunk (node:internal/streams/readable:368:12)\n    at readableAddChunk (node:internal/streams/readable:341:9)\n    at Readable.push (node:internal/streams/readable:278:10)\n    at HTTPParser.parserOnBody (node:_http_common:131:24)","service":"media-service"}
{"level":"error","message":"PayloadTooLargeError: request entity too large\n    at IncomingMessage.onData (/home/ravi/Desktop/Social Media Microservices/media-service/node_modules/raw-body/index.js:260:12)\n    at IncomingMessage.emit (node:events:517:28)\n    at addChunk (node:internal/streams/readable:368:12)\n    at readableAddChunk (node:internal/streams/readable:341:9)\n    at Readable.push (node:internal/streams/readable:278:10)\n    at HTTPParser.parserOnBody (node:_http_common:131:24)","service":"media-service"}
{"level":"error","message":"SyntaxError: Unexpected token - in JSON at position 0\n    at JSON.parse (<anonymous>)\n    at createStrictSyntaxError (/home/ravi/Desktop/Social Media Microservices/media-service/node_modules/body-parser/lib/types/json.js:169:10)\n    at parse (/home/ravi/Desktop/Social Media Microservices/media-service/node_modules/body-parser/lib/types/json.js:86:15)\n    at /home/ravi/Desktop/Social Media Microservices/media-service/node_modules/body-parser/lib/read.js:128:18\n    at AsyncResource.runInAsyncScope (node:async_hooks:203:9)\n    at invokeCallback (/home/ravi/Desktop/Social Media Microservices/media-service/node_modules/raw-body/index.js:238:16)\n    at done (/home/ravi/Desktop/Social Media Microservices/media-service/node_modules/raw-body/index.js:227:7)\n    at IncomingMessage.onEnd (/home/ravi/Desktop/Social Media Microservices/media-service/node_modules/raw-body/index.js:287:7)\n    at IncomingMessage.emit (node:events:517:28)\n    at endReadableNT (node:internal/streams/readable:1400:12)","service":"media-service"}
{"level":"error","message":"SyntaxError: Unexpected token - in JSON at position 0\n    at JSON.parse (<anonymous>)\n    at createStrictSyntaxError (/home/ravi/Desktop/Social Media Microservices/media-service/node_modules/body-parser/lib/types/json.js:169:10)\n    at parse (/home/ravi/Desktop/Social Media Microservices/media-service/node_modules/body-parser/lib/types/json.js:86:15)\n    at /home/ravi/Desktop/Social Media Microservices/media-service/node_modules/body-parser/lib/read.js:128:18\n    at AsyncResource.runInAsyncScope (node:async_hooks:203:9)\n    at invokeCallback (/home/ravi/Desktop/Social Media Microservices/media-service/node_modules/raw-body/index.js:238:16)\n    at done (/home/ravi/Desktop/Social Media Microservices/media-service/node_modules/raw-body/index.js:227:7)\n    at IncomingMessage.onEnd (/home/ravi/Desktop/Social Media Microservices/media-service/node_modules/raw-body/index.js:287:7)\n    at IncomingMessage.emit (node:events:517:28)\n    at endReadableNT (node:internal/streams/readable:1400:12)","service":"media-service"}
{"level":"error","message":"SyntaxError: Unexpected token - in JSON at position 0\n    at JSON.parse (<anonymous>)\n    at createStrictSyntaxError (/home/ravi/Desktop/Social Media Microservices/media-service/node_modules/body-parser/lib/types/json.js:169:10)\n    at parse (/home/ravi/Desktop/Social Media Microservices/media-service/node_modules/body-parser/lib/types/json.js:86:15)\n    at /home/ravi/Desktop/Social Media Microservices/media-service/node_modules/body-parser/lib/read.js:128:18\n    at AsyncResource.runInAsyncScope (node:async_hooks:203:9)\n    at invokeCallback (/home/ravi/Desktop/Social Media Microservices/media-service/node_modules/raw-body/index.js:238:16)\n    at done (/home/ravi/Desktop/Social Media Microservices/media-service/node_modules/raw-body/index.js:227:7)\n    at IncomingMessage.onEnd (/home/ravi/Desktop/Social Media Microservices/media-service/node_modules/raw-body/index.js:287:7)\n    at IncomingMessage.emit (node:events:517:28)\n    at endReadableNT (node:internal/streams/readable:1400:12)","service":"media-service"}
{"level":"error","message":"SyntaxError: Unexpected token - in JSON at position 0\n    at JSON.parse (<anonymous>)\n    at createStrictSyntaxError (/home/ravi/Desktop/Social Media Microservices/media-service/node_modules/body-parser/lib/types/json.js:169:10)\n    at parse (/home/ravi/Desktop/Social Media Microservices/media-service/node_modules/body-parser/lib/types/json.js:86:15)\n    at /home/ravi/Desktop/Social Media Microservices/media-service/node_modules/body-parser/lib/read.js:128:18\n    at AsyncResource.runInAsyncScope (node:async_hooks:203:9)\n    at invokeCallback (/home/ravi/Desktop/Social Media Microservices/media-service/node_modules/raw-body/index.js:238:16)\n    at done (/home/ravi/Desktop/Social Media Microservices/media-service/node_modules/raw-body/index.js:227:7)\n    at IncomingMessage.onEnd (/home/ravi/Desktop/Social Media Microservices/media-service/node_modules/raw-body/index.js:287:7)\n    at IncomingMessage.emit (node:events:517:28)\n    at endReadableNT (node:internal/streams/readable:1400:12)","service":"media-service"}
{"level":"error","message":"SyntaxError: Unexpected token - in JSON at position 0\n    at JSON.parse (<anonymous>)\n    at createStrictSyntaxError (/home/ravi/Desktop/Social Media Microservices/media-service/node_modules/body-parser/lib/types/json.js:169:10)\n    at parse (/home/ravi/Desktop/Social Media Microservices/media-service/node_modules/body-parser/lib/types/json.js:86:15)\n    at /home/ravi/Desktop/Social Media Microservices/media-service/node_modules/body-parser/lib/read.js:128:18\n    at AsyncResource.runInAsyncScope (node:async_hooks:203:9)\n    at invokeCallback (/home/ravi/Desktop/Social Media Microservices/media-service/node_modules/raw-body/index.js:238:16)\n    at done (/home/ravi/Desktop/Social Media Microservices/media-service/node_modules/raw-body/index.js:227:7)\n    at IncomingMessage.onEnd (/home/ravi/Desktop/Social Media Microservices/media-service/node_modules/raw-body/index.js:287:7)\n    at IncomingMessage.emit (node:events:517:28)\n    at endReadableNT (node:internal/streams/readable:1400:12)","service":"media-service"}
{"level":"error","message":"SyntaxError: Unexpected token - in JSON at position 0\n    at JSON.parse (<anonymous>)\n    at createStrictSyntaxError (/home/ravi/Desktop/Social Media Microservices/media-service/node_modules/body-parser/lib/types/json.js:169:10)\n    at parse (/home/ravi/Desktop/Social Media Microservices/media-service/node_modules/body-parser/lib/types/json.js:86:15)\n    at /home/ravi/Desktop/Social Media Microservices/media-service/node_modules/body-parser/lib/read.js:128:18\n    at AsyncResource.runInAsyncScope (node:async_hooks:203:9)\n    at invokeCallback (/home/ravi/Desktop/Social Media Microservices/media-service/node_modules/raw-body/index.js:238:16)\n    at done (/home/ravi/Desktop/Social Media Microservices/media-service/node_modules/raw-body/index.js:227:7)\n    at IncomingMessage.onEnd (/home/ravi/Desktop/Social Media Microservices/media-service/node_modules/raw-body/index.js:287:7)\n    at IncomingMessage.emit (node:events:517:28)\n    at endReadableNT (node:internal/streams/readable:1400:12)","service":"media-service"}
{"level":"info","message":"Recieved POST request to /api/media/upload","service":"media-service"}
{"level":"info","message":"Request body [object Object]","service":"media-service"}
{"level":"info","message":"Recieved POST request to /api/media/upload","service":"media-service"}
{"level":"info","message":"Request body [object Object]","service":"media-service"}
{"level":"info","message":"Recieved POST request to /api/media/upload","service":"media-service"}
{"level":"info","message":"Request body [object Object]","service":"media-service"}
{"level":"error","message":"SyntaxError: Unexpected token - in JSON at position 0\n    at JSON.parse (<anonymous>)\n    at createStrictSyntaxError (/home/ravi/Desktop/Social Media Microservices/media-service/node_modules/body-parser/lib/types/json.js:169:10)\n    at parse (/home/ravi/Desktop/Social Media Microservices/media-service/node_modules/body-parser/lib/types/json.js:86:15)\n    at /home/ravi/Desktop/Social Media Microservices/media-service/node_modules/body-parser/lib/read.js:128:18\n    at AsyncResource.runInAsyncScope (node:async_hooks:203:9)\n    at invokeCallback (/home/ravi/Desktop/Social Media Microservices/media-service/node_modules/raw-body/index.js:238:16)\n    at done (/home/ravi/Desktop/Social Media Microservices/media-service/node_modules/raw-body/index.js:227:7)\n    at IncomingMessage.onEnd (/home/ravi/Desktop/Social Media Microservices/media-service/node_modules/raw-body/index.js:287:7)\n    at IncomingMessage.emit (node:events:517:28)\n    at endReadableNT (node:internal/streams/readable:1400:12)","service":"media-service"}
{"level":"info","message":"Recieved POST request to /api/media/upload","service":"media-service"}
{"level":"info","message":"Request body [object Object]","service":"media-service"}
{"level":"error","message":"SyntaxError: Unexpected token - in JSON at position 0\n    at JSON.parse (<anonymous>)\n    at createStrictSyntaxError (/home/ravi/Desktop/Social Media Microservices/media-service/node_modules/body-parser/lib/types/json.js:169:10)\n    at parse (/home/ravi/Desktop/Social Media Microservices/media-service/node_modules/body-parser/lib/types/json.js:86:15)\n    at /home/ravi/Desktop/Social Media Microservices/media-service/node_modules/body-parser/lib/read.js:128:18\n    at AsyncResource.runInAsyncScope (node:async_hooks:203:9)\n    at invokeCallback (/home/ravi/Desktop/Social Media Microservices/media-service/node_modules/raw-body/index.js:238:16)\n    at done (/home/ravi/Desktop/Social Media Microservices/media-service/node_modules/raw-body/index.js:227:7)\n    at IncomingMessage.onEnd (/home/ravi/Desktop/Social Media Microservices/media-service/node_modules/raw-body/index.js:287:7)\n    at IncomingMessage.emit (node:events:517:28)\n    at endReadableNT (node:internal/streams/readable:1400:12)","service":"media-service"}
{"level":"error","message":"SyntaxError: Unexpected token - in JSON at position 0\n    at JSON.parse (<anonymous>)\n    at createStrictSyntaxError (/home/ravi/Desktop/Social Media Microservices/media-service/node_modules/body-parser/lib/types/json.js:169:10)\n    at parse (/home/ravi/Desktop/Social Media Microservices/media-service/node_modules/body-parser/lib/types/json.js:86:15)\n    at /home/ravi/Desktop/Social Media Microservices/media-service/node_modules/body-parser/lib/read.js:128:18\n    at AsyncResource.runInAsyncScope (node:async_hooks:203:9)\n    at invokeCallback (/home/ravi/Desktop/Social Media Microservices/media-service/node_modules/raw-body/index.js:238:16)\n    at done (/home/ravi/Desktop/Social Media Microservices/media-service/node_modules/raw-body/index.js:227:7)\n    at IncomingMessage.onEnd (/home/ravi/Desktop/Social Media Microservices/media-service/node_modules/raw-body/index.js:287:7)\n    at IncomingMessage.emit (node:events:517:28)\n    at endReadableNT (node:internal/streams/readable:1400:12)","service":"media-service"}
{"level":"info","message":"Database connected successfully!","service":"media-service"}
{"level":"info","message":"Server running on port 3003","service":"media-service"}
{"level":"error","message":"SyntaxError: Unexpected token - in JSON at position 0\n    at JSON.parse (<anonymous>)\n    at createStrictSyntaxError (/home/ravi/Desktop/Social Media Microservices/media-service/node_modules/body-parser/lib/types/json.js:169:10)\n    at parse (/home/ravi/Desktop/Social Media Microservices/media-service/node_modules/body-parser/lib/types/json.js:86:15)\n    at /home/ravi/Desktop/Social Media Microservices/media-service/node_modules/body-parser/lib/read.js:128:18\n    at AsyncResource.runInAsyncScope (node:async_hooks:203:9)\n    at invokeCallback (/home/ravi/Desktop/Social Media Microservices/media-service/node_modules/raw-body/index.js:238:16)\n    at done (/home/ravi/Desktop/Social Media Microservices/media-service/node_modules/raw-body/index.js:227:7)\n    at IncomingMessage.onEnd (/home/ravi/Desktop/Social Media Microservices/media-service/node_modules/raw-body/index.js:287:7)\n    at IncomingMessage.emit (node:events:517:28)\n    at endReadableNT (node:internal/streams/readable:1400:12)","service":"media-service"}
{"level":"info","message":"Database connected successfully!","service":"media-service"}
{"level":"info","message":"Server running on port 3003","service":"media-service"}
{"level":"info","message":"Database connected successfully!","service":"media-service"}
{"level":"info","message":"Server running on port 3003","service":"media-service"}
{"level":"info","message":"Database connected successfully!","service":"media-service"}
{"level":"info","message":"Server running on port 3003","service":"media-service"}
{"level":"info","message":"Database connected successfully!","service":"media-service"}
{"level":"info","message":"Server running on port 3003","service":"media-service"}
{"level":"info","message":"Database connected successfully!","service":"media-service"}
{"level":"info","message":"Server running on port 3003","service":"media-service"}
{"level":"info","message":"Database connected successfully!","service":"media-service"}
{"level":"info","message":"Server running on port 3003","service":"media-service"}
{"level":"info","message":"Database connected successfully!","service":"media-service"}
{"level":"info","message":"Server running on port 3003","service":"media-service"}
{"level":"info","message":"Database connected successfully!","service":"media-service"}
{"level":"info","message":"Server running on port 3003","service":"media-service"}
{"level":"info","message":"Database connected successfully!","service":"media-service"}
{"level":"info","message":"Server running on port 3003","service":"media-service"}
{"level":"error","message":"SyntaxError: Unexpected token - in JSON at position 0\n    at JSON.parse (<anonymous>)\n    at createStrictSyntaxError (/home/ravi/Desktop/Social Media Microservices/media-service/node_modules/body-parser/lib/types/json.js:169:10)\n    at parse (/home/ravi/Desktop/Social Media Microservices/media-service/node_modules/body-parser/lib/types/json.js:86:15)\n    at /home/ravi/Desktop/Social Media Microservices/media-service/node_modules/body-parser/lib/read.js:128:18\n    at AsyncResource.runInAsyncScope (node:async_hooks:203:9)\n    at invokeCallback (/home/ravi/Desktop/Social Media Microservices/media-service/node_modules/raw-body/index.js:238:16)\n    at done (/home/ravi/Desktop/Social Media Microservices/media-service/node_modules/raw-body/index.js:227:7)\n    at IncomingMessage.onEnd (/home/ravi/Desktop/Social Media Microservices/media-service/node_modules/raw-body/index.js:287:7)\n    at IncomingMessage.emit (node:events:517:28)\n    at endReadableNT (node:internal/streams/readable:1400:12)","service":"media-service"}
{"level":"info","message":"Database connected successfully!","service":"media-service"}
{"level":"info","message":"Server running on port 3003","service":"media-service"}
{"level":"info","message":"Database connected successfully!","service":"media-service"}
{"level":"info","message":"Server running on port 3003","service":"media-service"}
{"level":"info","message":"Database connected successfully!","service":"media-service"}
{"level":"info","message":"Server running on port 3003","service":"media-service"}
{"level":"info","message":"Database connected successfully!","service":"media-service"}
{"level":"info","message":"Server running on port 3003","service":"media-service"}
{"level":"info","message":"Database connected successfully!","service":"media-service"}
{"level":"info","message":"Server running on port 3003","service":"media-service"}
{"level":"info","message":"Database connected successfully!","service":"media-service"}
{"level":"info","message":"Server running on port 3003","service":"media-service"}
{"level":"info","message":"Database connected successfully!","service":"media-service"}
{"level":"info","message":"Server running on port 3003","service":"media-service"}
{"level":"info","message":"Database connected successfully!","service":"media-service"}
{"level":"info","message":"Server running on port 3003","service":"media-service"}
{"level":"error","message":"SyntaxError: Unexpected token - in JSON at position 0\n    at JSON.parse (<anonymous>)\n    at createStrictSyntaxError (/home/ravi/Desktop/Social Media Microservices/media-service/node_modules/body-parser/lib/types/json.js:169:10)\n    at parse (/home/ravi/Desktop/Social Media Microservices/media-service/node_modules/body-parser/lib/types/json.js:86:15)\n    at /home/ravi/Desktop/Social Media Microservices/media-service/node_modules/body-parser/lib/read.js:128:18\n    at AsyncResource.runInAsyncScope (node:async_hooks:203:9)\n    at invokeCallback (/home/ravi/Desktop/Social Media Microservices/media-service/node_modules/raw-body/index.js:238:16)\n    at done (/home/ravi/Desktop/Social Media Microservices/media-service/node_modules/raw-body/index.js:227:7)\n    at IncomingMessage.onEnd (/home/ravi/Desktop/Social Media Microservices/media-service/node_modules/raw-body/index.js:287:7)\n    at IncomingMessage.emit (node:events:517:28)\n    at endReadableNT (node:internal/streams/readable:1400:12)","service":"media-service"}
{"level":"info","message":"Database connected successfully!","service":"media-service"}
{"level":"info","message":"Server running on port 3003","service":"media-service"}
{"level":"info","message":"Database connected successfully!","service":"media-service"}
{"level":"info","message":"Server running on port 3003","service":"media-service"}
{"level":"info","message":"Database connected successfully!","service":"media-service"}
{"level":"info","message":"Server running on port 3003","service":"media-service"}
{"level":"error","message":"SyntaxError: Unexpected token - in JSON at position 0\n    at JSON.parse (<anonymous>)\n    at createStrictSyntaxError (/home/ravi/Desktop/Social Media Microservices/media-service/node_modules/body-parser/lib/types/json.js:169:10)\n    at parse (/home/ravi/Desktop/Social Media Microservices/media-service/node_modules/body-parser/lib/types/json.js:86:15)\n    at /home/ravi/Desktop/Social Media Microservices/media-service/node_modules/body-parser/lib/read.js:128:18\n    at AsyncResource.runInAsyncScope (node:async_hooks:203:9)\n    at invokeCallback (/home/ravi/Desktop/Social Media Microservices/media-service/node_modules/raw-body/index.js:238:16)\n    at done (/home/ravi/Desktop/Social Media Microservices/media-service/node_modules/raw-body/index.js:227:7)\n    at IncomingMessage.onEnd (/home/ravi/Desktop/Social Media Microservices/media-service/node_modules/raw-body/index.js:287:7)\n    at IncomingMessage.emit (node:events:517:28)\n    at endReadableNT (node:internal/streams/readable:1400:12)","service":"media-service"}
{"level":"info","message":"Database connected successfully!","service":"media-service"}
{"level":"info","message":"Server running on port 3003","service":"media-service"}
{"level":"info","message":"Database connected successfully!","service":"media-service"}
{"level":"info","message":"Server running on port 3003","service":"media-service"}
{"level":"info","message":"Database connected successfully!","service":"media-service"}
{"level":"info","message":"Server running on port 3003","service":"media-service"}
{"level":"info","message":"Database connected successfully!","service":"media-service"}
{"level":"info","message":"Server running on port 3003","service":"media-service"}
{"level":"info","message":"Database connected successfully!","service":"media-service"}
{"level":"info","message":"Server running on port 3003","service":"media-service"}
{"level":"error","message":"SyntaxError: Unexpected token - in JSON at position 0\n    at JSON.parse (<anonymous>)\n    at createStrictSyntaxError (/home/ravi/Desktop/Social Media Microservices/media-service/node_modules/body-parser/lib/types/json.js:169:10)\n    at parse (/home/ravi/Desktop/Social Media Microservices/media-service/node_modules/body-parser/lib/types/json.js:86:15)\n    at /home/ravi/Desktop/Social Media Microservices/media-service/node_modules/body-parser/lib/read.js:128:18\n    at AsyncResource.runInAsyncScope (node:async_hooks:203:9)\n    at invokeCallback (/home/ravi/Desktop/Social Media Microservices/media-service/node_modules/raw-body/index.js:238:16)\n    at done (/home/ravi/Desktop/Social Media Microservices/media-service/node_modules/raw-body/index.js:227:7)\n    at IncomingMessage.onEnd (/home/ravi/Desktop/Social Media Microservices/media-service/node_modules/raw-body/index.js:287:7)\n    at IncomingMessage.emit (node:events:517:28)\n    at endReadableNT (node:internal/streams/readable:1400:12)","service":"media-service"}
{"level":"info","message":"Database connected successfully!","service":"media-service"}
{"level":"info","message":"Server running on port 3003","service":"media-service"}
{"level":"error","message":"SyntaxError: Unexpected token - in JSON at position 0\n    at JSON.parse (<anonymous>)\n    at createStrictSyntaxError (/home/ravi/Desktop/Social Media Microservices/media-service/node_modules/body-parser/lib/types/json.js:169:10)\n    at parse (/home/ravi/Desktop/Social Media Microservices/media-service/node_modules/body-parser/lib/types/json.js:86:15)\n    at /home/ravi/Desktop/Social Media Microservices/media-service/node_modules/body-parser/lib/read.js:128:18\n    at AsyncResource.runInAsyncScope (node:async_hooks:203:9)\n    at invokeCallback (/home/ravi/Desktop/Social Media Microservices/media-service/node_modules/raw-body/index.js:238:16)\n    at done (/home/ravi/Desktop/Social Media Microservices/media-service/node_modules/raw-body/index.js:227:7)\n    at IncomingMessage.onEnd (/home/ravi/Desktop/Social Media Microservices/media-service/node_modules/raw-body/index.js:287:7)\n    at IncomingMessage.emit (node:events:517:28)\n    at endReadableNT (node:internal/streams/readable:1400:12)","service":"media-service"}
{"level":"info","message":"Database connected successfully!","service":"media-service"}
{"level":"info","message":"Server running on port 3003","service":"media-service"}
{"level":"info","message":"Database connected successfully!","service":"media-service"}
{"level":"info","message":"Server running on port 3003","service":"media-service"}
{"level":"info","message":"Database connected successfully!","service":"media-service"}
{"level":"info","message":"Server running on port 3003","service":"media-service"}
{"level":"info","message":"Database connected successfully!","service":"media-service"}
{"level":"info","message":"Server running on port 3003","service":"media-service"}
{"level":"error","message":"SyntaxError: Unexpected token - in JSON at position 0\n    at JSON.parse (<anonymous>)\n    at createStrictSyntaxError (/home/ravi/Desktop/Social Media Microservices/media-service/node_modules/body-parser/lib/types/json.js:169:10)\n    at parse (/home/ravi/Desktop/Social Media Microservices/media-service/node_modules/body-parser/lib/types/json.js:86:15)\n    at /home/ravi/Desktop/Social Media Microservices/media-service/node_modules/body-parser/lib/read.js:128:18\n    at AsyncResource.runInAsyncScope (node:async_hooks:203:9)\n    at invokeCallback (/home/ravi/Desktop/Social Media Microservices/media-service/node_modules/raw-body/index.js:238:16)\n    at done (/home/ravi/Desktop/Social Media Microservices/media-service/node_modules/raw-body/index.js:227:7)\n    at IncomingMessage.onEnd (/home/ravi/Desktop/Social Media Microservices/media-service/node_modules/raw-body/index.js:287:7)\n    at IncomingMessage.emit (node:events:517:28)\n    at endReadableNT (node:internal/streams/readable:1400:12)","service":"media-service"}
{"level":"info","message":"Database connected successfully!","service":"media-service"}
{"level":"info","message":"Server running on port 3003","service":"media-service"}
{"level":"info","message":"Recieved POST request to /api/media/upload","service":"media-service"}
{"level":"info","message":"Request body [object Object]","service":"media-service"}
{"level":"error","message":"SyntaxError: Unexpected token - in JSON at position 0\n    at JSON.parse (<anonymous>)\n    at createStrictSyntaxError (/home/ravi/Desktop/Social Media Microservices/media-service/node_modules/body-parser/lib/types/json.js:169:10)\n    at parse (/home/ravi/Desktop/Social Media Microservices/media-service/node_modules/body-parser/lib/types/json.js:86:15)\n    at /home/ravi/Desktop/Social Media Microservices/media-service/node_modules/body-parser/lib/read.js:128:18\n    at AsyncResource.runInAsyncScope (node:async_hooks:203:9)\n    at invokeCallback (/home/ravi/Desktop/Social Media Microservices/media-service/node_modules/raw-body/index.js:238:16)\n    at done (/home/ravi/Desktop/Social Media Microservices/media-service/node_modules/raw-body/index.js:227:7)\n    at IncomingMessage.onEnd (/home/ravi/Desktop/Social Media Microservices/media-service/node_modules/raw-body/index.js:287:7)\n    at IncomingMessage.emit (node:events:517:28)\n    at endReadableNT (node:internal/streams/readable:1400:12)","service":"media-service"}
{"level":"info","message":"Database connected successfully!","service":"media-service"}
{"level":"info","message":"Server running on port 3003","service":"media-service"}
{"level":"info","message":"Database connected successfully!","service":"media-service"}
{"level":"info","message":"Server running on port 3003","service":"media-service"}
{"level":"info","message":"Database connected successfully!","service":"media-service"}
{"level":"info","message":"Server running on port 3003","service":"media-service"}
{"level":"error","message":"SyntaxError: Unexpected token - in JSON at position 0\n    at JSON.parse (<anonymous>)\n    at createStrictSyntaxError (/home/ravi/Desktop/Social Media Microservices/media-service/node_modules/body-parser/lib/types/json.js:169:10)\n    at parse (/home/ravi/Desktop/Social Media Microservices/media-service/node_modules/body-parser/lib/types/json.js:86:15)\n    at /home/ravi/Desktop/Social Media Microservices/media-service/node_modules/body-parser/lib/read.js:128:18\n    at AsyncResource.runInAsyncScope (node:async_hooks:203:9)\n    at invokeCallback (/home/ravi/Desktop/Social Media Microservices/media-service/node_modules/raw-body/index.js:238:16)\n    at done (/home/ravi/Desktop/Social Media Microservices/media-service/node_modules/raw-body/index.js:227:7)\n    at IncomingMessage.onEnd (/home/ravi/Desktop/Social Media Microservices/media-service/node_modules/raw-body/index.js:287:7)\n    at IncomingMessage.emit (node:events:517:28)\n    at endReadableNT (node:internal/streams/readable:1400:12)","service":"media-service"}
{"level":"error","message":"SyntaxError: Unexpected token - in JSON at position 0\n    at JSON.parse (<anonymous>)\n    at createStrictSyntaxError (/home/ravi/Desktop/Social Media Microservices/media-service/node_modules/body-parser/lib/types/json.js:169:10)\n    at parse (/home/ravi/Desktop/Social Media Microservices/media-service/node_modules/body-parser/lib/types/json.js:86:15)\n    at /home/ravi/Desktop/Social Media Microservices/media-service/node_modules/body-parser/lib/read.js:128:18\n    at AsyncResource.runInAsyncScope (node:async_hooks:203:9)\n    at invokeCallback (/home/ravi/Desktop/Social Media Microservices/media-service/node_modules/raw-body/index.js:238:16)\n    at done (/home/ravi/Desktop/Social Media Microservices/media-service/node_modules/raw-body/index.js:227:7)\n    at IncomingMessage.onEnd (/home/ravi/Desktop/Social Media Microservices/media-service/node_modules/raw-body/index.js:287:7)\n    at IncomingMessage.emit (node:events:517:28)\n    at endReadableNT (node:internal/streams/readable:1400:12)","service":"media-service"}
{"level":"error","message":"SyntaxError: Unexpected token - in JSON at position 0\n    at JSON.parse (<anonymous>)\n    at createStrictSyntaxError (/home/ravi/Desktop/Social Media Microservices/media-service/node_modules/body-parser/lib/types/json.js:169:10)\n    at parse (/home/ravi/Desktop/Social Media Microservices/media-service/node_modules/body-parser/lib/types/json.js:86:15)\n    at /home/ravi/Desktop/Social Media Microservices/media-service/node_modules/body-parser/lib/read.js:128:18\n    at AsyncResource.runInAsyncScope (node:async_hooks:203:9)\n    at invokeCallback (/home/ravi/Desktop/Social Media Microservices/media-service/node_modules/raw-body/index.js:238:16)\n    at done (/home/ravi/Desktop/Social Media Microservices/media-service/node_modules/raw-body/index.js:227:7)\n    at IncomingMessage.onEnd (/home/ravi/Desktop/Social Media Microservices/media-service/node_modules/raw-body/index.js:287:7)\n    at IncomingMessage.emit (node:events:517:28)\n    at endReadableNT (node:internal/streams/readable:1400:12)","service":"media-service"}
{"level":"error","message":"SyntaxError: Unexpected token - in JSON at position 0\n    at JSON.parse (<anonymous>)\n    at createStrictSyntaxError (/home/ravi/Desktop/Social Media Microservices/media-service/node_modules/body-parser/lib/types/json.js:169:10)\n    at parse (/home/ravi/Desktop/Social Media Microservices/media-service/node_modules/body-parser/lib/types/json.js:86:15)\n    at /home/ravi/Desktop/Social Media Microservices/media-service/node_modules/body-parser/lib/read.js:128:18\n    at AsyncResource.runInAsyncScope (node:async_hooks:203:9)\n    at invokeCallback (/home/ravi/Desktop/Social Media Microservices/media-service/node_modules/raw-body/index.js:238:16)\n    at done (/home/ravi/Desktop/Social Media Microservices/media-service/node_modules/raw-body/index.js:227:7)\n    at IncomingMessage.onEnd (/home/ravi/Desktop/Social Media Microservices/media-service/node_modules/raw-body/index.js:287:7)\n    at IncomingMessage.emit (node:events:517:28)\n    at endReadableNT (node:internal/streams/readable:1400:12)","service":"media-service"}
{"level":"error","message":"SyntaxError: Unexpected token - in JSON at position 0\n    at JSON.parse (<anonymous>)\n    at createStrictSyntaxError (/home/ravi/Desktop/Social Media Microservices/media-service/node_modules/body-parser/lib/types/json.js:169:10)\n    at parse (/home/ravi/Desktop/Social Media Microservices/media-service/node_modules/body-parser/lib/types/json.js:86:15)\n    at /home/ravi/Desktop/Social Media Microservices/media-service/node_modules/body-parser/lib/read.js:128:18\n    at AsyncResource.runInAsyncScope (node:async_hooks:203:9)\n    at invokeCallback (/home/ravi/Desktop/Social Media Microservices/media-service/node_modules/raw-body/index.js:238:16)\n    at done (/home/ravi/Desktop/Social Media Microservices/media-service/node_modules/raw-body/index.js:227:7)\n    at IncomingMessage.onEnd (/home/ravi/Desktop/Social Media Microservices/media-service/node_modules/raw-body/index.js:287:7)\n    at IncomingMessage.emit (node:events:517:28)\n    at endReadableNT (node:internal/streams/readable:1400:12)","service":"media-service"}
{"level":"error","message":"SyntaxError: Unexpected token - in JSON at position 0\n    at JSON.parse (<anonymous>)\n    at createStrictSyntaxError (/home/ravi/Desktop/Social Media Microservices/media-service/node_modules/body-parser/lib/types/json.js:169:10)\n    at parse (/home/ravi/Desktop/Social Media Microservices/media-service/node_modules/body-parser/lib/types/json.js:86:15)\n    at /home/ravi/Desktop/Social Media Microservices/media-service/node_modules/body-parser/lib/read.js:128:18\n    at AsyncResource.runInAsyncScope (node:async_hooks:203:9)\n    at invokeCallback (/home/ravi/Desktop/Social Media Microservices/media-service/node_modules/raw-body/index.js:238:16)\n    at done (/home/ravi/Desktop/Social Media Microservices/media-service/node_modules/raw-body/index.js:227:7)\n    at IncomingMessage.onEnd (/home/ravi/Desktop/Social Media Microservices/media-service/node_modules/raw-body/index.js:287:7)\n    at IncomingMessage.emit (node:events:517:28)\n    at endReadableNT (node:internal/streams/readable:1400:12)","service":"media-service"}
{"level":"error","message":"SyntaxError: Unexpected token - in JSON at position 0\n    at JSON.parse (<anonymous>)\n    at createStrictSyntaxError (/home/ravi/Desktop/Social Media Microservices/media-service/node_modules/body-parser/lib/types/json.js:169:10)\n    at parse (/home/ravi/Desktop/Social Media Microservices/media-service/node_modules/body-parser/lib/types/json.js:86:15)\n    at /home/ravi/Desktop/Social Media Microservices/media-service/node_modules/body-parser/lib/read.js:128:18\n    at AsyncResource.runInAsyncScope (node:async_hooks:203:9)\n    at invokeCallback (/home/ravi/Desktop/Social Media Microservices/media-service/node_modules/raw-body/index.js:238:16)\n    at done (/home/ravi/Desktop/Social Media Microservices/media-service/node_modules/raw-body/index.js:227:7)\n    at IncomingMessage.onEnd (/home/ravi/Desktop/Social Media Microservices/media-service/node_modules/raw-body/index.js:287:7)\n    at IncomingMessage.emit (node:events:517:28)\n    at endReadableNT (node:internal/streams/readable:1400:12)","service":"media-service"}
{"level":"error","message":"SyntaxError: Unexpected token - in JSON at position 0\n    at JSON.parse (<anonymous>)\n    at createStrictSyntaxError (/home/ravi/Desktop/Social Media Microservices/media-service/node_modules/body-parser/lib/types/json.js:169:10)\n    at parse (/home/ravi/Desktop/Social Media Microservices/media-service/node_modules/body-parser/lib/types/json.js:86:15)\n    at /home/ravi/Desktop/Social Media Microservices/media-service/node_modules/body-parser/lib/read.js:128:18\n    at AsyncResource.runInAsyncScope (node:async_hooks:203:9)\n    at invokeCallback (/home/ravi/Desktop/Social Media Microservices/media-service/node_modules/raw-body/index.js:238:16)\n    at done (/home/ravi/Desktop/Social Media Microservices/media-service/node_modules/raw-body/index.js:227:7)\n    at IncomingMessage.onEnd (/home/ravi/Desktop/Social Media Microservices/media-service/node_modules/raw-body/index.js:287:7)\n    at IncomingMessage.emit (node:events:517:28)\n    at endReadableNT (node:internal/streams/readable:1400:12)","service":"media-service"}
{"level":"error","message":"SyntaxError: Unexpected token - in JSON at position 0\n    at JSON.parse (<anonymous>)\n    at createStrictSyntaxError (/home/ravi/Desktop/Social Media Microservices/media-service/node_modules/body-parser/lib/types/json.js:169:10)\n    at parse (/home/ravi/Desktop/Social Media Microservices/media-service/node_modules/body-parser/lib/types/json.js:86:15)\n    at /home/ravi/Desktop/Social Media Microservices/media-service/node_modules/body-parser/lib/read.js:128:18\n    at AsyncResource.runInAsyncScope (node:async_hooks:203:9)\n    at invokeCallback (/home/ravi/Desktop/Social Media Microservices/media-service/node_modules/raw-body/index.js:238:16)\n    at done (/home/ravi/Desktop/Social Media Microservices/media-service/node_modules/raw-body/index.js:227:7)\n    at IncomingMessage.onEnd (/home/ravi/Desktop/Social Media Microservices/media-service/node_modules/raw-body/index.js:287:7)\n    at IncomingMessage.emit (node:events:517:28)\n    at endReadableNT (node:internal/streams/readable:1400:12)","service":"media-service"}
{"level":"error","message":"SyntaxError: Unexpected token - in JSON at position 0\n    at JSON.parse (<anonymous>)\n    at createStrictSyntaxError (/home/ravi/Desktop/Social Media Microservices/media-service/node_modules/body-parser/lib/types/json.js:169:10)\n    at parse (/home/ravi/Desktop/Social Media Microservices/media-service/node_modules/body-parser/lib/types/json.js:86:15)\n    at /home/ravi/Desktop/Social Media Microservices/media-service/node_modules/body-parser/lib/read.js:128:18\n    at AsyncResource.runInAsyncScope (node:async_hooks:203:9)\n    at invokeCallback (/home/ravi/Desktop/Social Media Microservices/media-service/node_modules/raw-body/index.js:238:16)\n    at done (/home/ravi/Desktop/Social Media Microservices/media-service/node_modules/raw-body/index.js:227:7)\n    at IncomingMessage.onEnd (/home/ravi/Desktop/Social Media Microservices/media-service/node_modules/raw-body/index.js:287:7)\n    at IncomingMessage.emit (node:events:517:28)\n    at endReadableNT (node:internal/streams/readable:1400:12)","service":"media-service"}
{"level":"error","message":"SyntaxError: Unexpected token - in JSON at position 0\n    at JSON.parse (<anonymous>)\n    at createStrictSyntaxError (/home/ravi/Desktop/Social Media Microservices/media-service/node_modules/body-parser/lib/types/json.js:169:10)\n    at parse (/home/ravi/Desktop/Social Media Microservices/media-service/node_modules/body-parser/lib/types/json.js:86:15)\n    at /home/ravi/Desktop/Social Media Microservices/media-service/node_modules/body-parser/lib/read.js:128:18\n    at AsyncResource.runInAsyncScope (node:async_hooks:203:9)\n    at invokeCallback (/home/ravi/Desktop/Social Media Microservices/media-service/node_modules/raw-body/index.js:238:16)\n    at done (/home/ravi/Desktop/Social Media Microservices/media-service/node_modules/raw-body/index.js:227:7)\n    at IncomingMessage.onEnd (/home/ravi/Desktop/Social Media Microservices/media-service/node_modules/raw-body/index.js:287:7)\n    at IncomingMessage.emit (node:events:517:28)\n    at endReadableNT (node:internal/streams/readable:1400:12)","service":"media-service"}
{"level":"error","message":"SyntaxError: Unexpected token - in JSON at position 0\n    at JSON.parse (<anonymous>)\n    at createStrictSyntaxError (/home/ravi/Desktop/Social Media Microservices/media-service/node_modules/body-parser/lib/types/json.js:169:10)\n    at parse (/home/ravi/Desktop/Social Media Microservices/media-service/node_modules/body-parser/lib/types/json.js:86:15)\n    at /home/ravi/Desktop/Social Media Microservices/media-service/node_modules/body-parser/lib/read.js:128:18\n    at AsyncResource.runInAsyncScope (node:async_hooks:203:9)\n    at invokeCallback (/home/ravi/Desktop/Social Media Microservices/media-service/node_modules/raw-body/index.js:238:16)\n    at done (/home/ravi/Desktop/Social Media Microservices/media-service/node_modules/raw-body/index.js:227:7)\n    at IncomingMessage.onEnd (/home/ravi/Desktop/Social Media Microservices/media-service/node_modules/raw-body/index.js:287:7)\n    at IncomingMessage.emit (node:events:517:28)\n    at endReadableNT (node:internal/streams/readable:1400:12)","service":"media-service"}
{"level":"error","message":"SyntaxError: Unexpected token - in JSON at position 0\n    at JSON.parse (<anonymous>)\n    at createStrictSyntaxError (/home/ravi/Desktop/Social Media Microservices/media-service/node_modules/body-parser/lib/types/json.js:169:10)\n    at parse (/home/ravi/Desktop/Social Media Microservices/media-service/node_modules/body-parser/lib/types/json.js:86:15)\n    at /home/ravi/Desktop/Social Media Microservices/media-service/node_modules/body-parser/lib/read.js:128:18\n    at AsyncResource.runInAsyncScope (node:async_hooks:203:9)\n    at invokeCallback (/home/ravi/Desktop/Social Media Microservices/media-service/node_modules/raw-body/index.js:238:16)\n    at done (/home/ravi/Desktop/Social Media Microservices/media-service/node_modules/raw-body/index.js:227:7)\n    at IncomingMessage.onEnd (/home/ravi/Desktop/Social Media Microservices/media-service/node_modules/raw-body/index.js:287:7)\n    at IncomingMessage.emit (node:events:517:28)\n    at endReadableNT (node:internal/streams/readable:1400:12)","service":"media-service"}
{"level":"info","message":"Database connected successfully!","service":"media-service"}
{"level":"info","message":"Server running on port 3003","service":"media-service"}
{"level":"error","message":"SyntaxError: Unexpected token - in JSON at position 0\n    at JSON.parse (<anonymous>)\n    at createStrictSyntaxError (/home/ravi/Desktop/Social Media Microservices/media-service/node_modules/body-parser/lib/types/json.js:169:10)\n    at parse (/home/ravi/Desktop/Social Media Microservices/media-service/node_modules/body-parser/lib/types/json.js:86:15)\n    at /home/ravi/Desktop/Social Media Microservices/media-service/node_modules/body-parser/lib/read.js:128:18\n    at AsyncResource.runInAsyncScope (node:async_hooks:203:9)\n    at invokeCallback (/home/ravi/Desktop/Social Media Microservices/media-service/node_modules/raw-body/index.js:238:16)\n    at done (/home/ravi/Desktop/Social Media Microservices/media-service/node_modules/raw-body/index.js:227:7)\n    at IncomingMessage.onEnd (/home/ravi/Desktop/Social Media Microservices/media-service/node_modules/raw-body/index.js:287:7)\n    at IncomingMessage.emit (node:events:517:28)\n    at endReadableNT (node:internal/streams/readable:1400:12)","service":"media-service"}
{"level":"info","message":"Recieved POST request to /api/media/upload","service":"media-service"}
{"level":"info","message":"Request body [object Object]","service":"media-service"}
{"level":"error","message":"SyntaxError: Unexpected token - in JSON at position 0\n    at JSON.parse (<anonymous>)\n    at createStrictSyntaxError (/home/ravi/Desktop/Social Media Microservices/media-service/node_modules/body-parser/lib/types/json.js:169:10)\n    at parse (/home/ravi/Desktop/Social Media Microservices/media-service/node_modules/body-parser/lib/types/json.js:86:15)\n    at /home/ravi/Desktop/Social Media Microservices/media-service/node_modules/body-parser/lib/read.js:128:18\n    at AsyncResource.runInAsyncScope (node:async_hooks:203:9)\n    at invokeCallback (/home/ravi/Desktop/Social Media Microservices/media-service/node_modules/raw-body/index.js:238:16)\n    at done (/home/ravi/Desktop/Social Media Microservices/media-service/node_modules/raw-body/index.js:227:7)\n    at IncomingMessage.onEnd (/home/ravi/Desktop/Social Media Microservices/media-service/node_modules/raw-body/index.js:287:7)\n    at IncomingMessage.emit (node:events:517:28)\n    at endReadableNT (node:internal/streams/readable:1400:12)","service":"media-service"}
{"level":"info","message":"Recieved POST request to /api/media/upload","service":"media-service"}
{"level":"info","message":"Request body [object Object]","service":"media-service"}
{"level":"info","message":"File Details: name:WhatsApp Image 2025-03-05 at 8.31.49 PM.jpeg, type:image/jpeg","service":"media-service"}
{"level":"info","message":"Uploading to cloudinary to start...","service":"media-service"}
{"http_code":401,"level":"error","message":"Error occured while uploading media to cloudinary Unknown API key 337144527878838,","name":"Error","service":"media-service"}
{"level":"error","message":"Unhandle rejection at [object Promise], reason:[object Object]","service":"media-service"}
{"http_code":401,"level":"error","message":"Error occured while uploading media Unknown API key 337144527878838,","name":"Error","service":"media-service"}
{"level":"info","message":"Recieved POST request to /api/media/upload","service":"media-service"}
{"level":"info","message":"Request body [object Object]","service":"media-service"}
{"level":"info","message":"File Details: name:WhatsApp Image 2025-03-05 at 8.31.49 PM.jpeg, type:image/jpeg","service":"media-service"}
{"level":"info","message":"Uploading to cloudinary to start...","service":"media-service"}
{"http_code":401,"level":"error","message":"Error occured while uploading media to cloudinary Unknown API key 337144527878838,","name":"Error","service":"media-service"}
{"level":"error","message":"Unhandle rejection at [object Promise], reason:[object Object]","service":"media-service"}
{"http_code":401,"level":"error","message":"Error occured while uploading media Unknown API key 337144527878838,","name":"Error","service":"media-service"}
{"level":"info","message":"Database connected successfully!","service":"media-service"}
{"level":"info","message":"Server running on port 3003","service":"media-service"}
{"level":"info","message":"Database connected successfully!","service":"media-service"}
{"level":"info","message":"Server running on port 3003","service":"media-service"}
{"level":"info","message":"Database connected successfully!","service":"media-service"}
{"level":"info","message":"Server running on port 3003","service":"media-service"}
{"level":"info","message":"Recieved POST request to /api/media/upload","service":"media-service"}
{"level":"info","message":"Request body [object Object]","service":"media-service"}
{"level":"info","message":"File Details: name:WhatsApp Image 2025-03-05 at 8.31.49 PM.jpeg, type:image/jpeg","service":"media-service"}
{"level":"info","message":"Uploading to cloudinary to start...","service":"media-service"}
{"http_code":401,"level":"error","message":"Error occured while uploading media to cloudinary Unknown API key 337144527878838,","name":"Error","service":"media-service"}
{"level":"error","message":"Unhandle rejection at [object Promise], reason:[object Object]","service":"media-service"}
{"http_code":401,"level":"error","message":"Error occured while uploading media Unknown API key 337144527878838,","name":"Error","service":"media-service"}
{"level":"info","message":"Database connected successfully!","service":"media-service"}
{"level":"info","message":"Server running on port 3003","service":"media-service"}
{"level":"info","message":"Recieved POST request to /api/media/upload","service":"media-service"}
{"level":"info","message":"Request body [object Object]","service":"media-service"}
{"level":"info","message":"File Details: name:WhatsApp Image 2025-03-05 at 8.31.49 PM.jpeg, type:image/jpeg","service":"media-service"}
{"level":"info","message":"Uploading to cloudinary to start...","service":"media-service"}
{"http_code":401,"level":"error","message":"Error occured while uploading media to cloudinary Unknown API key 337144527878838,","name":"Error","service":"media-service"}
{"level":"error","message":"Unhandle rejection at [object Promise], reason:[object Object]","service":"media-service"}
{"http_code":401,"level":"error","message":"Error occured while uploading media Unknown API key 337144527878838,","name":"Error","service":"media-service"}
{"level":"info","message":"Database connected successfully!","service":"media-service"}
{"level":"info","message":"Server running on port 3003","service":"media-service"}
{"level":"info","message":"Recieved POST request to /api/media/upload","service":"media-service"}
{"level":"info","message":"Request body [object Object]","service":"media-service"}
{"level":"info","message":"File Details: name:WhatsApp Image 2025-03-05 at 8.31.49 PM.jpeg, type:image/jpeg","service":"media-service"}
{"level":"info","message":"Uploading to cloudinary to start...","service":"media-service"}
{"http_code":401,"level":"error","message":"Error occured while uploading media to cloudinary Unknown API key 337144527878838,","name":"Error","service":"media-service"}
{"level":"error","message":"Unhandle rejection at [object Promise], reason:[object Object]","service":"media-service"}
{"http_code":401,"level":"error","message":"Error occured while uploading media Unknown API key 337144527878838,","name":"Error","service":"media-service"}
{"level":"info","message":"Recieved POST request to /api/media/upload","service":"media-service"}
{"level":"info","message":"Request body [object Object]","service":"media-service"}
{"level":"info","message":"File Details: name:WhatsApp Image 2025-03-05 at 8.31.49 PM.jpeg, type:image/jpeg","service":"media-service"}
{"level":"info","message":"Uploading to cloudinary to start...","service":"media-service"}
{"http_code":401,"level":"error","message":"Error occured while uploading media to cloudinary Unknown API key 337144527878838,","name":"Error","service":"media-service"}
{"level":"error","message":"Unhandle rejection at [object Promise], reason:[object Object]","service":"media-service"}
{"http_code":401,"level":"error","message":"Error occured while uploading media Unknown API key 337144527878838,","name":"Error","service":"media-service"}
{"level":"info","message":"Recieved POST request to /api/media/upload","service":"media-service"}
{"level":"info","message":"Request body [object Object]","service":"media-service"}
{"level":"info","message":"File Details: name:WhatsApp Image 2025-03-05 at 8.31.49 PM.jpeg, type:image/jpeg","service":"media-service"}
{"level":"info","message":"Uploading to cloudinary to start...","service":"media-service"}
{"http_code":401,"level":"error","message":"Error occured while uploading media to cloudinary Unknown API key 337144527878838,","name":"Error","service":"media-service"}
{"level":"error","message":"Unhandle rejection at [object Promise], reason:[object Object]","service":"media-service"}
{"http_code":401,"level":"error","message":"Error occured while uploading media Unknown API key 337144527878838,","name":"Error","service":"media-service"}
{"level":"info","message":"Recieved POST request to /api/media/upload","service":"media-service"}
{"level":"info","message":"Request body [object Object]","service":"media-service"}
{"level":"info","message":"File Details: name:WhatsApp Image 2025-03-05 at 8.31.49 PM.jpeg, type:image/jpeg","service":"media-service"}
{"level":"info","message":"Uploading to cloudinary to start...","service":"media-service"}
{"http_code":401,"level":"error","message":"Error occured while uploading media to cloudinary Unknown API key 337144527878838,","name":"Error","service":"media-service"}
{"level":"error","message":"Unhandle rejection at [object Promise], reason:[object Object]","service":"media-service"}
{"http_code":401,"level":"error","message":"Error occured while uploading media Unknown API key 337144527878838,","name":"Error","service":"media-service"}
{"level":"info","message":"Recieved POST request to /api/media/upload","service":"media-service"}
{"level":"info","message":"Request body [object Object]","service":"media-service"}
{"level":"info","message":"File Details: name:WhatsApp Image 2025-03-05 at 8.31.49 PM.jpeg, type:image/jpeg","service":"media-service"}
{"level":"info","message":"Uploading to cloudinary to start...","service":"media-service"}
{"http_code":401,"level":"error","message":"Error occured while uploading media to cloudinary Unknown API key 337144527878838,","name":"Error","service":"media-service"}
{"level":"error","message":"Unhandle rejection at [object Promise], reason:[object Object]","service":"media-service"}
{"http_code":401,"level":"error","message":"Error occured while uploading media Unknown API key 337144527878838,","name":"Error","service":"media-service"}
{"level":"info","message":"Recieved POST request to /api/media/upload","service":"media-service"}
{"level":"info","message":"Request body [object Object]","service":"media-service"}
{"level":"info","message":"File Details: name:WhatsApp Image 2025-03-05 at 8.31.49 PM.jpeg, type:image/jpeg","service":"media-service"}
{"level":"info","message":"Uploading to cloudinary to start...","service":"media-service"}
{"http_code":401,"level":"error","message":"Error occured while uploading media to cloudinary Unknown API key 337144527878838,","name":"Error","service":"media-service"}
{"level":"error","message":"Unhandle rejection at [object Promise], reason:[object Object]","service":"media-service"}
{"http_code":401,"level":"error","message":"Error occured while uploading media Unknown API key 337144527878838,","name":"Error","service":"media-service"}
{"level":"info","message":"Recieved POST request to /api/media/upload","service":"media-service"}
{"level":"info","message":"Request body [object Object]","service":"media-service"}
{"level":"info","message":"File Details: name:WhatsApp Image 2025-03-05 at 8.31.49 PM.jpeg, type:image/jpeg","service":"media-service"}
{"level":"info","message":"Uploading to cloudinary to start...","service":"media-service"}
{"http_code":401,"level":"error","message":"Error occured while uploading media to cloudinary Unknown API key 337144527878838,","name":"Error","service":"media-service"}
{"level":"error","message":"Unhandle rejection at [object Promise], reason:[object Object]","service":"media-service"}
{"http_code":401,"level":"error","message":"Error occured while uploading media Unknown API key 337144527878838,","name":"Error","service":"media-service"}
{"level":"info","message":"Recieved POST request to /api/media/upload","service":"media-service"}
{"level":"info","message":"Request body [object Object]","service":"media-service"}
{"level":"info","message":"File Details: name:WhatsApp Image 2025-03-05 at 8.31.49 PM.jpeg, type:image/jpeg","service":"media-service"}
{"level":"info","message":"Uploading to cloudinary to start...","service":"media-service"}
{"http_code":401,"level":"error","message":"Error occured while uploading media to cloudinary Unknown API key 337144527878838,","name":"Error","service":"media-service"}
{"level":"error","message":"Unhandle rejection at [object Promise], reason:[object Object]","service":"media-service"}
{"http_code":401,"level":"error","message":"Error occured while uploading media Unknown API key 337144527878838,","name":"Error","service":"media-service"}
{"level":"info","message":"Database connected successfully!","service":"media-service"}
{"level":"info","message":"Server running on port 3003","service":"media-service"}
{"level":"info","message":"Recieved POST request to /api/media/upload","service":"media-service"}
{"level":"info","message":"Request body [object Object]","service":"media-service"}
{"level":"info","message":"File Details: name:WhatsApp Image 2025-03-05 at 8.31.49 PM.jpeg, type:image/jpeg","service":"media-service"}
{"level":"info","message":"Uploading to cloudinary to start...","service":"media-service"}
{"level":"info","message":"Image uploaded succeffully, public_id: h5vzilsvywjrpmbdslgc","service":"media-service"}
{"level":"info","message":"Recieved POST request to /api/media/upload","service":"media-service"}
{"level":"info","message":"Request body [object Object]","service":"media-service"}
{"level":"info","message":"File Details: name:WhatsApp Image 2025-03-05 at 8.31.49 PM.jpeg, type:image/jpeg","service":"media-service"}
{"level":"info","message":"Uploading to cloudinary to start...","service":"media-service"}
{"level":"info","message":"Image uploaded succeffully, public_id: frgiccabjzfnbrxqimml","service":"media-service"}
